+ /usr/bin/time -v salt-master -l quiet
The salt master is shutdown. Master received a SIGTERM. Exited.
	Command being timed: "salt-master -l quiet"
	User time (seconds): 210.75
	System time (seconds): 78.69
	Percent of CPU this job got: 78%
	Elapsed (wall clock) time (h:mm:ss or m:ss): 6:08.58
	Average shared text size (kbytes): 0
	Average unshared data size (kbytes): 0
	Average stack size (kbytes): 0
	Average total size (kbytes): 0
	Maximum resident set size (kbytes): 146868
	Average resident set size (kbytes): 0
	Major (requiring I/O) page faults: 49
	Minor (reclaiming a frame) page faults: 3270448
	Voluntary context switches: 43361
	Involuntary context switches: 24254
	Swaps: 0
	File system inputs: 19008
	File system outputs: 36328
	Socket messages sent: 0
	Socket messages received: 0
	Signals delivered: 0
	Page size (bytes): 4096
	Exit status: 0
