+ /usr/bin/time -v salt-minion -l quiet
The Salt Minion is shutdown. Minion received a SIGTERM. Exited.
	Command being timed: "salt-minion -l quiet"
	User time (seconds): 2.84
	System time (seconds): 5.28
	Percent of CPU this job got: 2%
	Elapsed (wall clock) time (h:mm:ss or m:ss): 6:02.29
	Average shared text size (kbytes): 0
	Average unshared data size (kbytes): 0
	Average stack size (kbytes): 0
	Average total size (kbytes): 0
	Maximum resident set size (kbytes): 64488
	Average resident set size (kbytes): 0
	Major (requiring I/O) page faults: 2
	Minor (reclaiming a frame) page faults: 231781
	Voluntary context switches: 1272
	Involuntary context switches: 510
	Swaps: 0
	File system inputs: 512
	File system outputs: 152
	Socket messages sent: 0
	Socket messages received: 0
	Signals delivered: 0
	Page size (bytes): 4096
	Exit status: 0
