+ /usr/bin/time -v salt-master -l quiet
The salt master is shutdown. Master received a SIGTERM. Exited.
	Command being timed: "salt-master -l quiet"
	User time (seconds): 168.59
	System time (seconds): 65.23
	Percent of CPU this job got: 77%
	Elapsed (wall clock) time (h:mm:ss or m:ss): 5:00.51
	Average shared text size (kbytes): 0
	Average unshared data size (kbytes): 0
	Average stack size (kbytes): 0
	Average total size (kbytes): 0
	Maximum resident set size (kbytes): 162236
	Average resident set size (kbytes): 0
	Major (requiring I/O) page faults: 30
	Minor (reclaiming a frame) page faults: 2848710
	Voluntary context switches: 39684
	Involuntary context switches: 19670
	Swaps: 0
	File system inputs: 8088
	File system outputs: 60704
	Socket messages sent: 0
	Socket messages received: 0
	Signals delivered: 0
	Page size (bytes): 4096
	Exit status: 0
