+ /usr/bin/time -v salt-master -l quiet
The salt master is shutdown. Master received a SIGTERM. Exited.
	Command being timed: "salt-master -l quiet"
	User time (seconds): 139.45
	System time (seconds): 56.49
	Percent of CPU this job got: 74%
	Elapsed (wall clock) time (h:mm:ss or m:ss): 4:24.24
	Average shared text size (kbytes): 0
	Average unshared data size (kbytes): 0
	Average stack size (kbytes): 0
	Average total size (kbytes): 0
	Maximum resident set size (kbytes): 88560
	Average resident set size (kbytes): 0
	Major (requiring I/O) page faults: 30
	Minor (reclaiming a frame) page faults: 2374120
	Voluntary context switches: 46256
	Involuntary context switches: 15913
	Swaps: 0
	File system inputs: 35728
	File system outputs: 39400
	Socket messages sent: 0
	Socket messages received: 0
	Signals delivered: 0
	Page size (bytes): 4096
	Exit status: 0
