+ /usr/bin/time -v salt-minion -l quiet
The Salt Minion is shutdown. Minion received a SIGTERM. Exited.
	Command being timed: "salt-minion -l quiet"
	User time (seconds): 2.66
	System time (seconds): 5.15
	Percent of CPU this job got: 3%
	Elapsed (wall clock) time (h:mm:ss or m:ss): 4:18.69
	Average shared text size (kbytes): 0
	Average unshared data size (kbytes): 0
	Average stack size (kbytes): 0
	Average total size (kbytes): 0
	Maximum resident set size (kbytes): 63768
	Average resident set size (kbytes): 0
	Major (requiring I/O) page faults: 10
	Minor (reclaiming a frame) page faults: 232550
	Voluntary context switches: 1144
	Involuntary context switches: 500
	Swaps: 0
	File system inputs: 7096
	File system outputs: 88
	Socket messages sent: 0
	Socket messages received: 0
	Signals delivered: 0
	Page size (bytes): 4096
	Exit status: 0
