+ /usr/bin/time -v salt-master -l quiet
Exception ignored in: <bound method Pillar.__del__ of <salt.pillar.Pillar object at 0x7f2cd4705c50>>
Traceback (most recent call last):
  File "/usr/lib/python3.6/site-packages/salt/pillar/__init__.py", line 1298, in __del__
    self.destroy()
  File "/usr/lib/python3.6/site-packages/salt/pillar/__init__.py", line 1292, in destroy
    if self._closing:
AttributeError: 'Pillar' object has no attribute '_closing'
The salt master is shutdown. Master received a SIGTERM. Exited.
	Command being timed: "salt-master -l quiet"
	User time (seconds): 125.68
	System time (seconds): 54.36
	Percent of CPU this job got: 72%
	Elapsed (wall clock) time (h:mm:ss or m:ss): 4:07.47
	Average shared text size (kbytes): 0
	Average unshared data size (kbytes): 0
	Average stack size (kbytes): 0
	Average total size (kbytes): 0
	Maximum resident set size (kbytes): 90676
	Average resident set size (kbytes): 0
	Major (requiring I/O) page faults: 30
	Minor (reclaiming a frame) page faults: 2257309
	Voluntary context switches: 44155
	Involuntary context switches: 14893
	Swaps: 0
	File system inputs: 8168
	File system outputs: 32888
	Socket messages sent: 0
	Socket messages received: 0
	Signals delivered: 0
	Page size (bytes): 4096
	Exit status: 0
