+ /usr/bin/time -v salt-master -l quiet
The salt master is shutdown. Master received a SIGTERM. Exited.
	Command being timed: "salt-master -l quiet"
	User time (seconds): 91.61
	System time (seconds): 47.22
	Percent of CPU this job got: 68%
	Elapsed (wall clock) time (h:mm:ss or m:ss): 3:22.91
	Average shared text size (kbytes): 0
	Average unshared data size (kbytes): 0
	Average stack size (kbytes): 0
	Average total size (kbytes): 0
	Maximum resident set size (kbytes): 96568
	Average resident set size (kbytes): 0
	Major (requiring I/O) page faults: 41
	Minor (reclaiming a frame) page faults: 1907008
	Voluntary context switches: 27256
	Involuntary context switches: 11118
	Swaps: 0
	File system inputs: 18432
	File system outputs: 25488
	Socket messages sent: 0
	Socket messages received: 0
	Signals delivered: 0
	Page size (bytes): 4096
	Exit status: 0
