+ /usr/bin/time -v salt-minion -l quiet
The Salt Minion is shutdown. Minion received a SIGTERM. Exited.
	Command being timed: "salt-minion -l quiet"
	User time (seconds): 2.87
	System time (seconds): 5.19
	Percent of CPU this job got: 2%
	Elapsed (wall clock) time (h:mm:ss or m:ss): 5:52.69
	Average shared text size (kbytes): 0
	Average unshared data size (kbytes): 0
	Average stack size (kbytes): 0
	Average total size (kbytes): 0
	Maximum resident set size (kbytes): 64404
	Average resident set size (kbytes): 0
	Major (requiring I/O) page faults: 12
	Minor (reclaiming a frame) page faults: 232702
	Voluntary context switches: 1790
	Involuntary context switches: 468
	Swaps: 0
	File system inputs: 19648
	File system outputs: 504
	Socket messages sent: 0
	Socket messages received: 0
	Signals delivered: 0
	Page size (bytes): 4096
	Exit status: 0
