+ /usr/bin/time -v salt-master -l quiet
The salt master is shutdown. Master received a SIGTERM. Exited.
	Command being timed: "salt-master -l quiet"
	User time (seconds): 119.50
	System time (seconds): 54.11
	Percent of CPU this job got: 71%
	Elapsed (wall clock) time (h:mm:ss or m:ss): 4:01.38
	Average shared text size (kbytes): 0
	Average unshared data size (kbytes): 0
	Average stack size (kbytes): 0
	Average total size (kbytes): 0
	Maximum resident set size (kbytes): 89936
	Average resident set size (kbytes): 0
	Major (requiring I/O) page faults: 29
	Minor (reclaiming a frame) page faults: 2235842
	Voluntary context switches: 33842
	Involuntary context switches: 14107
	Swaps: 0
	File system inputs: 16576
	File system outputs: 30160
	Socket messages sent: 0
	Socket messages received: 0
	Signals delivered: 0
	Page size (bytes): 4096
	Exit status: 0
